TN:
SF:src\config.ts
FNF:0
FNH:0
DA:1,4
DA:2,4
DA:4,4
DA:19,4
LF:4
LH:4
BRDA:5,0,0,4
BRDA:5,0,1,0
BRDA:6,1,0,4
BRDA:6,1,1,0
BRDA:6,2,0,0
BRDA:6,2,1,4
BRDA:6,3,0,4
BRDA:6,3,1,4
BRDA:7,4,0,4
BRDA:7,4,1,0
BRDA:7,5,0,0
BRDA:7,5,1,4
BRDA:7,6,0,4
BRDA:7,6,1,4
BRDA:13,7,0,4
BRDA:13,7,1,0
BRDA:13,8,0,0
BRDA:13,8,1,4
BRDA:13,9,0,4
BRDA:13,9,1,4
BRDA:14,10,0,4
BRDA:14,10,1,0
BRDA:14,11,0,0
BRDA:14,11,1,4
BRDA:14,12,0,4
BRDA:14,12,1,4
BRF:26
BRH:17
end_of_record
TN:
SF:src\api\controllers.ts
FN:10,(anonymous_7)
FN:10,(anonymous_8)
FN:25,(anonymous_9)
FN:25,(anonymous_10)
FN:36,(anonymous_11)
FN:36,(anonymous_12)
FNF:6
FNH:4
FNDA:2,(anonymous_7)
FNDA:2,(anonymous_8)
FNDA:3,(anonymous_9)
FNDA:3,(anonymous_10)
FNDA:0,(anonymous_11)
FNDA:0,(anonymous_12)
DA:2,1
DA:3,1
DA:4,1
DA:6,1
DA:8,1
DA:10,2
DA:11,2
DA:12,2
DA:13,2
DA:18,2
DA:20,0
DA:21,0
DA:25,3
DA:26,3
DA:27,3
DA:28,3
DA:29,1
DA:31,2
DA:32,2
DA:36,1
DA:37,0
DA:38,0
DA:39,0
DA:41,0
DA:42,0
DA:43,0
DA:45,0
DA:46,0
DA:49,0
DA:50,0
LF:30
LH:18
BRDA:41,0,0,0
BRDA:41,0,1,0
BRF:2
BRH:0
end_of_record
TN:
SF:src\etl\extractor.ts
FN:10,(anonymous_8)
FN:15,(anonymous_9)
FNF:2
FNH:2
FNDA:4,(anonymous_8)
FNDA:4,(anonymous_9)
DA:1,4
DA:2,4
DA:4,4
DA:6,4
DA:11,4
DA:12,4
DA:16,4
DA:17,4
DA:18,4
DA:19,1
DA:20,1
DA:22,3
DA:23,0
DA:24,0
DA:25,0
DA:30,3
DA:32,3
LF:17
LH:14
BRDA:11,0,0,4
BRDA:11,0,1,0
BRDA:22,1,0,0
BRDA:22,1,1,3
BRDA:24,2,0,0
BRF:5
BRH:2
end_of_record
TN:
SF:src\etl\loader.ts
FN:10,(anonymous_7)
FN:18,(anonymous_8)
FNF:2
FNH:2
FNDA:6,(anonymous_7)
FNDA:3,(anonymous_8)
DA:1,5
DA:3,5
DA:4,5
DA:6,5
DA:11,6
DA:15,6
DA:19,3
DA:21,3
DA:23,3
DA:25,3
DA:28,3
DA:31,2
DA:32,2
DA:50,2
DA:53,2
DA:54,2
DA:62,2
DA:63,2
DA:72,2
DA:73,2
DA:76,1
DA:77,1
DA:78,1
DA:80,3
LF:24
LH:24
BRDA:13,0,0,1
BRDA:13,0,1,5
BRF:2
BRH:2
end_of_record
TN:
SF:src\etl\pipeline.ts
FN:12,(anonymous_7)
FN:19,(anonymous_8)
FNF:2
FNH:2
FNDA:4,(anonymous_7)
FNDA:4,(anonymous_8)
DA:1,3
DA:2,3
DA:3,3
DA:4,3
DA:6,3
DA:13,4
DA:14,4
DA:15,4
DA:16,4
DA:20,4
DA:21,4
DA:24,4
DA:27,3
DA:30,2
DA:32,1
DA:34,3
DA:35,3
LF:17
LH:17
BRF:0
BRH:0
end_of_record
TN:
SF:src\etl\transformer.ts
FN:7,(anonymous_0)
FN:11,(anonymous_1)
FN:14,(anonymous_2)
FN:40,(anonymous_3)
FN:45,(anonymous_4)
FN:48,(anonymous_5)
FN:55,(anonymous_6)
FN:58,(anonymous_7)
FNF:8
FNH:8
FNDA:3,(anonymous_0)
FNDA:3,(anonymous_1)
FNDA:6,(anonymous_2)
FNDA:6,(anonymous_3)
FNDA:6,(anonymous_4)
FNDA:6,(anonymous_5)
FNDA:6,(anonymous_6)
FNDA:6,(anonymous_7)
DA:2,5
DA:4,5
DA:8,3
DA:12,3
DA:14,3
DA:16,6
DA:36,6
DA:41,6
DA:42,6
DA:46,6
DA:48,6
DA:56,6
DA:58,6
LF:13
LH:13
BRDA:19,0,0,6
BRDA:19,0,1,0
BRDA:21,1,0,6
BRDA:21,1,1,0
BRDA:23,2,0,6
BRDA:23,2,1,0
BRDA:41,3,0,0
BRDA:41,4,0,6
BRDA:41,4,1,6
BRDA:46,5,0,0
BRDA:51,6,0,6
BRDA:51,6,1,0
BRDA:56,7,0,0
BRF:13
BRH:6
end_of_record
TN:
SF:src\scheduler\jobs.ts
FN:11,setupETLScheduler
FN:28,(anonymous_9)
FN:28,(anonymous_10)
FN:46,runETLJob
FNF:4
FNH:4
FNDA:4,setupETLScheduler
FNDA:2,(anonymous_9)
FNDA:2,(anonymous_10)
FNDA:2,runETLJob
DA:1,2
DA:2,2
DA:3,2
DA:4,2
DA:6,2
DA:11,2
DA:13,4
DA:16,4
DA:17,1
DA:18,1
DA:19,1
DA:22,4
DA:25,4
DA:28,4
DA:29,2
DA:31,2
DA:32,2
DA:33,1
DA:35,1
DA:39,4
DA:46,2
DA:47,2
DA:49,2
DA:50,2
DA:51,2
DA:52,1
DA:53,1
DA:55,1
DA:56,1
LF:29
LH:29
BRDA:13,0,0,4
BRDA:13,0,1,0
BRDA:16,1,0,1
BRF:3
BRH:2
end_of_record
TN:
SF:src\services\countryService.ts
FN:8,(anonymous_7)
FN:8,(anonymous_8)
FN:29,(anonymous_9)
FNF:3
FNH:3
FNDA:2,(anonymous_7)
FNDA:2,(anonymous_8)
FNDA:3,(anonymous_9)
DA:1,1
DA:2,1
DA:3,1
DA:5,1
DA:7,1
DA:8,2
DA:9,2
DA:13,2
DA:14,2
DA:16,2
DA:21,2
DA:23,2
DA:30,3
DA:31,1
DA:34,2
DA:36,2
DA:38,2
DA:39,1
DA:42,1
LF:19
LH:19
BRDA:8,0,0,0
BRDA:8,1,0,0
BRDA:10,2,0,2
BRDA:10,2,1,1
BRDA:30,3,0,1
BRDA:38,4,0,1
BRF:6
BRH:4
end_of_record
TN:
SF:src\tests\sample\countryData.ts
FN:48,(anonymous_0)
FN:49,(anonymous_1)
FN:50,(anonymous_2)
FNF:3
FNH:3
FNDA:3,(anonymous_0)
FNDA:3,(anonymous_1)
FNDA:3,(anonymous_2)
DA:1,3
DA:5,3
DA:48,3
DA:49,3
DA:50,3
DA:52,3
DA:55,3
DA:58,3
DA:59,2
DA:60,2
DA:61,2
DA:62,2
DA:63,2
LF:13
LH:13
BRF:0
BRH:0
end_of_record
TN:
SF:src\utils\logging\consoleLogger.ts
FN:4,(anonymous_0)
FN:8,(anonymous_1)
FNF:2
FNH:1
FNDA:2,(anonymous_0)
FNDA:0,(anonymous_1)
DA:3,1
DA:5,2
DA:9,0
LF:3
LH:2
BRF:0
BRH:0
end_of_record
